#
# A fatal error has been detected by the Java Runtime Environment:
#
#  Internal Error (javaCalls.cpp:51), pid=50224, tid=0x0000000000008e8c
#  guarantee(thread->is_Java_thread()) failed: crucial check - the VM thread cannot and must not escape to Java code
#
# JRE version: Java(TM) SE Runtime Environment (8.0_241-b07) (build 1.8.0_241-b07)
# Java VM: Java HotSpot(TM) 64-Bit Server VM (25.241-b07 mixed mode windows-amd64 compressed oops)
# Failed to write core dump. Minidumps are not enabled by default on client versions of Windows
#
# If you would like to submit a bug report, please visit:
#   http://bugreport.java.com/bugreport/crash.jsp
#

---------------  T H R E A D  ---------------

Current thread (0x00000000177b9800):  VMThread [stack: 0x00000000194a0000,0x00000000195a0000] [id=36492]

Stack: [0x00000000194a0000,0x00000000195a0000]
[error occurred during error reporting (printing stack bounds), id 0xc0000005]

Native frames: (J=compiled Java code, j=interpreted, Vv=VM code, C=native code)

VM_Operation (0x000000001a2df4e0): GetOrSetLocal, mode: safepoint, requested by thread 0x00000000196d8800


---------------  P R O C E S S  ---------------

Java Threads: ( => current thread )
  0x000000001af5f800 JavaThread "ForkJoinPool.commonPool-worker-7" daemon [_thread_blocked, id=33004, stack(0x000000001bae0000,0x000000001bbe0000)]
  0x000000001af53800 JavaThread "ForkJoinPool.commonPool-worker-6" daemon [_thread_blocked, id=65788, stack(0x000000001b9e0000,0x000000001bae0000)]
  0x000000001af52800 JavaThread "ForkJoinPool.commonPool-worker-5" daemon [_thread_blocked, id=45312, stack(0x000000001b8e0000,0x000000001b9e0000)]
  0x000000001af50000 JavaThread "ForkJoinPool.commonPool-worker-4" daemon [_thread_blocked, id=53000, stack(0x000000001b7e0000,0x000000001b8e0000)]
  0x000000001af4b800 JavaThread "ForkJoinPool.commonPool-worker-3" daemon [_thread_blocked, id=9820, stack(0x000000001b6e0000,0x000000001b7e0000)]
  0x000000001af48800 JavaThread "ForkJoinPool.commonPool-worker-2" daemon [_thread_blocked, id=59488, stack(0x000000001b5e0000,0x000000001b6e0000)]
  0x000000001af46000 JavaThread "ForkJoinPool.commonPool-worker-1" daemon [_thread_blocked, id=28964, stack(0x000000001b4e0000,0x000000001b5e0000)]
  0x000000001ab97000 JavaThread "ReaderThread" [_thread_in_native, id=68556, stack(0x000000001b3e0000,0x000000001b4e0000)]
  0x00000000196f9000 JavaThread "Service Thread" daemon [_thread_blocked, id=34952, stack(0x000000001a8e0000,0x000000001a9e0000)]
  0x0000000019710800 JavaThread "C1 CompilerThread3" daemon [_thread_blocked, id=3264, stack(0x000000001a7e0000,0x000000001a8e0000)]
  0x0000000019710000 JavaThread "C2 CompilerThread2" daemon [_thread_blocked, id=45040, stack(0x000000001a6e0000,0x000000001a7e0000)]
  0x000000001970b000 JavaThread "C2 CompilerThread1" daemon [_thread_blocked, id=49140, stack(0x000000001a5e0000,0x000000001a6e0000)]
  0x0000000019705800 JavaThread "C2 CompilerThread0" daemon [_thread_blocked, id=49508, stack(0x000000001a4e0000,0x000000001a5e0000)]
  0x00000000196e9000 JavaThread "JDWP Command Reader" daemon [_thread_in_native, id=2324, stack(0x000000001a3e0000,0x000000001a4e0000)]
  0x00000000196e4000 JavaThread "JDWP Event Helper Thread" daemon [_thread_blocked, id=26304, stack(0x000000001a2e0000,0x000000001a3e0000)]
  0x00000000196d8800 JavaThread "JDWP Transport Listener: dt_socket" daemon [_thread_blocked, id=49800, stack(0x000000001a1e0000,0x000000001a2e0000)]
  0x00000000196cd800 JavaThread "Attach Listener" daemon [_thread_blocked, id=53416, stack(0x0000000019da0000,0x0000000019ea0000)]
  0x00000000177ce800 JavaThread "Signal Dispatcher" daemon [_thread_blocked, id=9600, stack(0x0000000019ca0000,0x0000000019da0000)]
  0x000000000283e000 JavaThread "Finalizer" daemon [_thread_blocked, id=56588, stack(0x0000000019aa0000,0x0000000019ba0000)]
  0x00000000177bd800 JavaThread "Reference Handler" daemon [_thread_blocked, id=7924, stack(0x00000000195a0000,0x00000000196a0000)]
  0x0000000002745000 JavaThread "main" [_thread_blocked, id=34132, stack(0x0000000002640000,0x0000000002740000)]

Other Threads:
=>0x00000000177b9800 VMThread [stack: 0x00000000194a0000,0x00000000195a0000] [id=36492]
  0x00000000197c0800 WatcherThread [stack: 0x000000001a9e0000,0x000000001aae0000] [id=68612]

VM state:at safepoint (normal execution)

VM Mutex/Monitor currently owned by a thread:  ([mutex/lock_event])
[0x0000000002741dd0] Threads_lock - owner thread: 0x00000000177b9800

heap address: 0x0000000081c00000, size: 2020 MB, Compressed Oops mode: 32-bit
Narrow klass base: 0x0000000000000000, Narrow klass shift: 3
Compressed class space size: 1073741824 Address: 0x0000000100000000

Heap:
 PSYoungGen      total 224768K, used 217955K [0x00000000d5f00000, 0x00000000fe480000, 0x0000000100000000)
  eden space 223232K, 97% used [0x00000000d5f00000,0x00000000e33d0d48,0x00000000e3900000)
  from space 1536K, 2% used [0x00000000fe180000,0x00000000fe188000,0x00000000fe300000)
  to   space 1536K, 0% used [0x00000000fe300000,0x00000000fe300000,0x00000000fe480000)
 ParOldGen       total 87552K, used 7754K [0x0000000081c00000, 0x0000000087180000, 0x00000000d5f00000)
  object space 87552K, 8% used [0x0000000081c00000,0x0000000082392b88,0x0000000087180000)
 Metaspace       used 7582K, capacity 7750K, committed 7936K, reserved 1056768K
  class space    used 871K, capacity 939K, committed 1024K, reserved 1048576K

Card table byte_map: [0x0000000011c00000,0x0000000012000000] byte_map_base: 0x00000000117f2000

Marking Bits: (ParMarkBitMap*) 0x000000005be0be30
 Begin Bits: [0x0000000012ab0000, 0x0000000014a40000)
 End Bits:   [0x0000000014a40000, 0x00000000169d0000)

Polling page: 0x0000000002560000

CodeCache: size=245760Kb used=3456Kb max_used=3477Kb free=242303Kb
 bounds [0x0000000002840000, 0x0000000002bb0000, 0x0000000011840000]
 total_blobs=1025 nmethods=718 adapters=228
 compilation: enabled

Compilation events (10 events):
Event: 7.735 Thread 0x0000000019710800 nmethod 714 0x0000000002b277d0 code [0x0000000002b27940, 0x0000000002b27be8]
Event: 7.735 Thread 0x0000000019710800  713       3       java.lang.Boolean::valueOf (17 bytes)
Event: 7.736 Thread 0x0000000019710800 nmethod 713 0x0000000002b27210 code [0x0000000002b27380, 0x0000000002b276e8]
Event: 7.977 Thread 0x0000000019705800 nmethod 715 0x0000000002ba01d0 code [0x0000000002ba07e0, 0x0000000002ba6288]
Event: 9.663 Thread 0x000000001970b000  716       4       sun.misc.FloatingDecimal$ASCIIToBinaryBuffer::doubleValue (1194 bytes)
Event: 9.670 Thread 0x000000001970b000 nmethod 716 0x0000000002b73310 code [0x0000000002b73480, 0x0000000002b737f8]
Event: 10.237 Thread 0x0000000019710800  717       3       java.lang.StringBuffer::<init> (7 bytes)
Event: 10.237 Thread 0x0000000019710800 nmethod 717 0x0000000002b72dd0 code [0x0000000002b72f40, 0x0000000002b731f0]
Event: 11.289 Thread 0x0000000019710800  718       3       java.nio.charset.Charset::atBugLevel (44 bytes)
Event: 11.290 Thread 0x0000000019710800 nmethod 718 0x0000000002b26910 code [0x0000000002b26ac0, 0x0000000002b27058]

GC Heap History (10 events):
Event: 11.995 GC heap before
{Heap before GC invocations=35 (full 0):
 PSYoungGen      total 278528K, used 278309K [0x00000000d5f00000, 0x00000000fe700000, 0x0000000100000000)
  eden space 278016K, 100% used [0x00000000d5f00000,0x00000000e6e80000,0x00000000e6e80000)
  from space 512K, 57% used [0x00000000fe680000,0x00000000fe6c9620,0x00000000fe700000)
  to   space 2048K, 0% used [0x00000000fe300000,0x00000000fe300000,0x00000000fe500000)
 ParOldGen       total 87552K, used 7557K [0x0000000081c00000, 0x0000000087180000, 0x00000000d5f00000)
  object space 87552K, 8% used [0x0000000081c00000,0x0000000082361568,0x0000000087180000)
 Metaspace       used 7550K, capacity 7750K, committed 7936K, reserved 1056768K
  class space    used 870K, capacity 939K, committed 1024K, reserved 1048576K
Event: 11.996 GC heap after
Heap after GC invocations=35 (full 0):
 PSYoungGen      total 267776K, used 224K [0x00000000d5f00000, 0x00000000fe700000, 0x0000000100000000)
  eden space 265728K, 0% used [0x00000000d5f00000,0x00000000d5f00000,0x00000000e6280000)
  from space 2048K, 10% used [0x00000000fe300000,0x00000000fe338000,0x00000000fe500000)
  to   space 2048K, 0% used [0x00000000fe500000,0x00000000fe500000,0x00000000fe700000)
 ParOldGen       total 87552K, used 7714K [0x0000000081c00000, 0x0000000087180000, 0x00000000d5f00000)
  object space 87552K, 8% used [0x0000000081c00000,0x0000000082388b88,0x0000000087180000)
 Metaspace       used 7550K, capacity 7750K, committed 7936K, reserved 1056768K
  class space    used 870K, capacity 939K, committed 1024K, reserved 1048576K
}
Event: 12.209 GC heap before
{Heap before GC invocations=36 (full 0):
 PSYoungGen      total 267776K, used 265952K [0x00000000d5f00000, 0x00000000fe700000, 0x0000000100000000)
  eden space 265728K, 100% used [0x00000000d5f00000,0x00000000e6280000,0x00000000e6280000)
  from space 2048K, 10% used [0x00000000fe300000,0x00000000fe338000,0x00000000fe500000)
  to   space 2048K, 0% used [0x00000000fe500000,0x00000000fe500000,0x00000000fe700000)
 ParOldGen       total 87552K, used 7714K [0x0000000081c00000, 0x0000000087180000, 0x00000000d5f00000)
  object space 87552K, 8% used [0x0000000081c00000,0x0000000082388b88,0x0000000087180000)
 Metaspace       used 7550K, capacity 7750K, committed 7936K, reserved 1056768K
  class space    used 870K, capacity 939K, committed 1024K, reserved 1048576K
Event: 12.210 GC heap after
Heap after GC invocations=36 (full 0):
 PSYoungGen      total 254464K, used 224K [0x00000000d5f00000, 0x00000000fe580000, 0x0000000100000000)
  eden space 253952K, 0% used [0x00000000d5f00000,0x00000000d5f00000,0x00000000e5700000)
  from space 512K, 43% used [0x00000000fe500000,0x00000000fe538000,0x00000000fe580000)
  to   space 1536K, 0% used [0x00000000fe280000,0x00000000fe280000,0x00000000fe400000)
 ParOldGen       total 87552K, used 7730K [0x0000000081c00000, 0x0000000087180000, 0x00000000d5f00000)
  object space 87552K, 8% used [0x0000000081c00000,0x000000008238cb88,0x0000000087180000)
 Metaspace       used 7550K, capacity 7750K, committed 7936K, reserved 1056768K
  class space    used 870K, capacity 939K, committed 1024K, reserved 1048576K
}
Event: 12.424 GC heap before
{Heap before GC invocations=37 (full 0):
 PSYoungGen      total 254464K, used 254176K [0x00000000d5f00000, 0x00000000fe580000, 0x0000000100000000)
  eden space 253952K, 100% used [0x00000000d5f00000,0x00000000e5700000,0x00000000e5700000)
  from space 512K, 43% used [0x00000000fe500000,0x00000000fe538000,0x00000000fe580000)
  to   space 1536K, 0% used [0x00000000fe280000,0x00000000fe280000,0x00000000fe400000)
 ParOldGen       total 87552K, used 7730K [0x0000000081c00000, 0x0000000087180000, 0x00000000d5f00000)
  object space 87552K, 8% used [0x0000000081c00000,0x000000008238cb88,0x0000000087180000)
 Metaspace       used 7550K, capacity 7750K, committed 7936K, reserved 1056768K
  class space    used 870K, capacity 939K, committed 1024K, reserved 1048576K
Event: 12.425 GC heap after
Heap after GC invocations=37 (full 0):
 PSYoungGen      total 244736K, used 144K [0x00000000d5f00000, 0x00000000fe580000, 0x0000000100000000)
  eden space 243200K, 0% used [0x00000000d5f00000,0x00000000d5f00000,0x00000000e4c80000)
  from space 1536K, 9% used [0x00000000fe280000,0x00000000fe2a4020,0x00000000fe400000)
  to   space 1536K, 0% used [0x00000000fe400000,0x00000000fe400000,0x00000000fe580000)
 ParOldGen       total 87552K, used 7730K [0x0000000081c00000, 0x0000000087180000, 0x00000000d5f00000)
  object space 87552K, 8% used [0x0000000081c00000,0x000000008238cb88,0x0000000087180000)
 Metaspace       used 7550K, capacity 7750K, committed 7936K, reserved 1056768K
  class space    used 870K, capacity 939K, committed 1024K, reserved 1048576K
}
Event: 12.665 GC heap before
{Heap before GC invocations=38 (full 0):
 PSYoungGen      total 244736K, used 243344K [0x00000000d5f00000, 0x00000000fe580000, 0x0000000100000000)
  eden space 243200K, 100% used [0x00000000d5f00000,0x00000000e4c80000,0x00000000e4c80000)
  from space 1536K, 9% used [0x00000000fe280000,0x00000000fe2a4020,0x00000000fe400000)
  to   space 1536K, 0% used [0x00000000fe400000,0x00000000fe400000,0x00000000fe580000)
 ParOldGen       total 87552K, used 7730K [0x0000000081c00000, 0x0000000087180000, 0x00000000d5f00000)
  object space 87552K, 8% used [0x0000000081c00000,0x000000008238cb88,0x0000000087180000)
 Metaspace       used 7550K, capacity 7750K, committed 7936K, reserved 1056768K
  class space    used 870K, capacity 939K, committed 1024K, reserved 1048576K
Event: 12.666 GC heap after
Heap after GC invocations=38 (full 0):
 PSYoungGen      total 233472K, used 192K [0x00000000d5f00000, 0x00000000fe480000, 0x0000000100000000)
  eden space 232960K, 0% used [0x00000000d5f00000,0x00000000d5f00000,0x00000000e4280000)
  from space 512K, 37% used [0x00000000fe400000,0x00000000fe430000,0x00000000fe480000)
  to   space 1536K, 0% used [0x00000000fe180000,0x00000000fe180000,0x00000000fe300000)
 ParOldGen       total 87552K, used 7754K [0x0000000081c00000, 0x0000000087180000, 0x00000000d5f00000)
  object space 87552K, 8% used [0x0000000081c00000,0x0000000082392b88,0x0000000087180000)
 Metaspace       used 7550K, capacity 7750K, committed 7936K, reserved 1056768K
  class space    used 870K, capacity 939K, committed 1024K, reserved 1048576K
}
Event: 13.278 GC heap before
{Heap before GC invocations=39 (full 0):
 PSYoungGen      total 233472K, used 233152K [0x00000000d5f00000, 0x00000000fe480000, 0x0000000100000000)
  eden space 232960K, 100% used [0x00000000d5f00000,0x00000000e4280000,0x00000000e4280000)
  from space 512K, 37% used [0x00000000fe400000,0x00000000fe430000,0x00000000fe480000)
  to   space 1536K, 0% used [0x00000000fe180000,0x00000000fe180000,0x00000000fe300000)
 ParOldGen       total 87552K, used 7754K [0x0000000081c00000, 0x0000000087180000, 0x00000000d5f00000)
  object space 87552K, 8% used [0x0000000081c00000,0x0000000082392b88,0x0000000087180000)
 Metaspace       used 7550K, capacity 7750K, committed 7936K, reserved 1056768K
  class space    used 870K, capacity 939K, committed 1024K, reserved 1048576K
Event: 13.283 GC heap after
Heap after GC invocations=39 (full 0):
 PSYoungGen      total 224768K, used 32K [0x00000000d5f00000, 0x00000000fe480000, 0x0000000100000000)
  eden space 223232K, 0% used [0x00000000d5f00000,0x00000000d5f00000,0x00000000e3900000)
  from space 1536K, 2% used [0x00000000fe180000,0x00000000fe188000,0x00000000fe300000)
  to   space 1536K, 0% used [0x00000000fe300000,0x00000000fe300000,0x00000000fe480000)
 ParOldGen       total 87552K, used 7754K [0x0000000081c00000, 0x0000000087180000, 0x00000000d5f00000)
  object space 87552K, 8% used [0x0000000081c00000,0x0000000082392b88,0x0000000087180000)
 Metaspace       used 7550K, capacity 7750K, committed 7936K, reserved 1056768K
  class space    used 870K, capacity 939K, committed 1024K, reserved 1048576K
}

Deoptimization events (9 events):
Event: 0.352 Thread 0x0000000002745000 Uncommon trap: reason=unstable_if action=reinterpret pc=0x000000000296113c method=java.lang.String.hashCode()I @ 14
Event: 0.527 Thread 0x0000000002745000 Uncommon trap: reason=unstable_if action=reinterpret pc=0x00000000029c96a8 method=java.lang.String.indexOf([CII[CIII)I @ 3
Event: 0.544 Thread 0x0000000002745000 Uncommon trap: reason=unstable_if action=reinterpret pc=0x00000000029a719c method=java.lang.String.indexOf([CII[CIII)I @ 123
Event: 1.079 Thread 0x000000001af52800 Uncommon trap: reason=unstable_if action=reinterpret pc=0x0000000002aef1c4 method=java.io.BufferedReader.readLine(Z)Ljava/lang/String; @ 265
Event: 1.262 Thread 0x000000001af50000 Uncommon trap: reason=unstable_if action=reinterpret pc=0x0000000002ae4b38 method=java.lang.CharacterDataLatin1.digit(II)I @ 31
Event: 1.842 Thread 0x000000001af4b800 Uncommon trap: reason=unstable_if action=reinterpret pc=0x0000000002b17200 method=utilTest.LogFileValidation.checkError(Lorg/json/simple/JSONObject;)Ljava/lang/String; @ 24
Event: 7.718 Thread 0x000000001af4b800 Uncommon trap: reason=unloaded action=reinterpret pc=0x0000000002b4e844 method=org.json.simple.parser.Yylex.yylex()Lorg/json/simple/parser/Yytoken; @ 629
Event: 7.737 Thread 0x000000001af4b800 Uncommon trap: reason=class_check action=maybe_recompile pc=0x0000000002b112e4 method=sun.nio.cs.SingleByte.withResult(Ljava/nio/charset/CoderResult;Ljava/nio/Buffer;ILjava/nio/Buffer;I)Ljava/nio/charset/CoderResult; @ 3
Event: 7.737 Thread 0x000000001af4b800 Uncommon trap: reason=class_check action=maybe_recompile pc=0x0000000002b112e4 method=sun.nio.cs.SingleByte.withResult(Ljava/nio/charset/CoderResult;Ljava/nio/Buffer;ILjava/nio/Buffer;I)Ljava/nio/charset/CoderResult; @ 3

Classes redefined (2 events):
Event: 80.758 Thread 0x00000000177b9800 redefined class name=utilTest.LogFileValidation, count=1
Event: 145.924 Thread 0x00000000177b9800 redefined class name=utilTest.LogFileValidation, count=2

Internal exceptions (10 events):
Event: 0.048 Thread 0x0000000002745000 Exception <a 'java/lang/NoSuchMethodError': Method sun.misc.Unsafe.defineClass(Ljava/lang/String;[BII)Ljava/lang/Class; name or signature does not match> (0x00000000d5f07cc0) thrown at [C:\ade\jenkins\workspace\8-2-build-windows-amd64-cygwin\jdk8u241\331\
Event: 0.048 Thread 0x0000000002745000 Exception <a 'java/lang/NoSuchMethodError': Method sun.misc.Unsafe.prefetchRead(Ljava/lang/Object;J)V name or signature does not match> (0x00000000d5f07fa8) thrown at [C:\ade\jenkins\workspace\8-2-build-windows-amd64-cygwin\jdk8u241\331\hotspot\src\share\
Event: 0.308 Thread 0x0000000002745000 Exception <a 'java/security/PrivilegedActionException'> (0x00000000d612c140) thrown at [C:\ade\jenkins\workspace\8-2-build-windows-amd64-cygwin\jdk8u241\331\hotspot\src\share\vm\prims\jvm.cpp, line 1502]
Event: 0.308 Thread 0x0000000002745000 Exception <a 'java/security/PrivilegedActionException'> (0x00000000d612c350) thrown at [C:\ade\jenkins\workspace\8-2-build-windows-amd64-cygwin\jdk8u241\331\hotspot\src\share\vm\prims\jvm.cpp, line 1502]
Event: 0.728 Thread 0x0000000002745000 Exception <a 'java/security/PrivilegedActionException'> (0x00000000d6667150) thrown at [C:\ade\jenkins\workspace\8-2-build-windows-amd64-cygwin\jdk8u241\331\hotspot\src\share\vm\prims\jvm.cpp, line 1502]
Event: 0.728 Thread 0x0000000002745000 Exception <a 'java/security/PrivilegedActionException'> (0x00000000d6667548) thrown at [C:\ade\jenkins\workspace\8-2-build-windows-amd64-cygwin\jdk8u241\331\hotspot\src\share\vm\prims\jvm.cpp, line 1502]
Event: 0.729 Thread 0x0000000002745000 Exception <a 'java/security/PrivilegedActionException'> (0x00000000d666b588) thrown at [C:\ade\jenkins\workspace\8-2-build-windows-amd64-cygwin\jdk8u241\331\hotspot\src\share\vm\prims\jvm.cpp, line 1502]
Event: 0.729 Thread 0x0000000002745000 Exception <a 'java/security/PrivilegedActionException'> (0x00000000d666b980) thrown at [C:\ade\jenkins\workspace\8-2-build-windows-amd64-cygwin\jdk8u241\331\hotspot\src\share\vm\prims\jvm.cpp, line 1502]
Event: 0.852 Thread 0x0000000002745000 Exception <a 'java/lang/NoSuchFieldError': method resolution failed> (0x00000000d67e8e10) thrown at [C:\ade\jenkins\workspace\8-2-build-windows-amd64-cygwin\jdk8u241\331\hotspot\src\share\vm\prims\methodHandles.cpp, line 1167]
Event: 0.863 Thread 0x0000000002745000 Exception <a 'java/lang/NoSuchFieldError': method resolution failed> (0x00000000d67f6500) thrown at [C:\ade\jenkins\workspace\8-2-build-windows-amd64-cygwin\jdk8u241\331\hotspot\src\share\vm\prims\methodHandles.cpp, line 1167]

Events (10 events):
Event: 146.009 Executing VM operation: GetCurrentContendedMonitor done
Event: 146.009 Executing VM operation: GetOwnedMonitorInfo
Event: 146.009 Executing VM operation: GetOwnedMonitorInfo done
Event: 146.009 Executing VM operation: GetCurrentContendedMonitor
Event: 146.009 Executing VM operation: GetCurrentContendedMonitor done
Event: 146.010 Executing VM operation: GetCurrentContendedMonitor
Event: 146.010 Executing VM operation: GetCurrentContendedMonitor done
Event: 146.010 Executing VM operation: GetOwnedMonitorInfo
Event: 146.010 Executing VM operation: GetOwnedMonitorInfo done
Event: 146.206 Executing VM operation: GetOrSetLocal


Dynamic libraries:
0x00007ff6f7980000 - 0x00007ff6f79b7000 	C:\Program Files\Java\jre1.8.0_241\bin\javaw.exe
0x00007ff84fce0000 - 0x00007ff84fed0000 	C:\windows\SYSTEM32\ntdll.dll
0x00007ff84e500000 - 0x00007ff84e5b2000 	C:\windows\System32\KERNEL32.DLL
0x00007ff84cd00000 - 0x00007ff84cfa3000 	C:\windows\System32\KERNELBASE.dll
0x00007ff84fb40000 - 0x00007ff84fbe3000 	C:\windows\System32\ADVAPI32.dll
0x00007ff84e720000 - 0x00007ff84e7be000 	C:\windows\System32\msvcrt.dll
0x00007ff84de60000 - 0x00007ff84def7000 	C:\windows\System32\sechost.dll
0x00007ff84f300000 - 0x00007ff84f420000 	C:\windows\System32\RPCRT4.dll
0x00007ff84e0c0000 - 0x00007ff84e254000 	C:\windows\System32\USER32.dll
0x00007ff84ccd0000 - 0x00007ff84ccf1000 	C:\windows\System32\win32u.dll
0x00007ff84e5c0000 - 0x00007ff84e5e6000 	C:\windows\System32\GDI32.dll
0x00007ff84cfb0000 - 0x00007ff84d144000 	C:\windows\System32\gdi32full.dll
0x00007ff84da20000 - 0x00007ff84dabe000 	C:\windows\System32\msvcp_win.dll
0x00007ff84d1a0000 - 0x00007ff84d29a000 	C:\windows\System32\ucrtbase.dll
0x00007ff832220000 - 0x00007ff8324a5000 	C:\windows\WinSxS\amd64_microsoft.windows.common-controls_6595b64144ccf1df_6.0.18362.720_none_e6beb5c51314836b\COMCTL32.dll
0x00007ff84e840000 - 0x00007ff84eb76000 	C:\windows\System32\combase.dll
0x00007ff84dac0000 - 0x00007ff84db40000 	C:\windows\System32\bcryptPrimitives.dll
0x00007ff84f2d0000 - 0x00007ff84f2fe000 	C:\windows\System32\IMM32.DLL
0x000000005c060000 - 0x000000005c132000 	C:\Program Files\Java\jre1.8.0_241\bin\msvcr100.dll
0x000000005b5e0000 - 0x000000005be8c000 	C:\Program Files\Java\jre1.8.0_241\bin\server\jvm.dll
0x00007ff84fb30000 - 0x00007ff84fb38000 	C:\windows\System32\PSAPI.DLL
0x00007ff84a6c0000 - 0x00007ff84a6e4000 	C:\windows\SYSTEM32\WINMM.dll
0x00007ff848260000 - 0x00007ff848269000 	C:\windows\SYSTEM32\WSOCK32.dll
0x00007ff846540000 - 0x00007ff84654a000 	C:\windows\SYSTEM32\VERSION.dll
0x00007ff84e490000 - 0x00007ff84e4ff000 	C:\windows\System32\WS2_32.dll
0x00007ff84a320000 - 0x00007ff84a34d000 	C:\windows\SYSTEM32\WINMMBASE.dll
0x00007ff84dc90000 - 0x00007ff84dcda000 	C:\windows\System32\cfgmgr32.dll
0x00007ff847930000 - 0x00007ff84793f000 	C:\Program Files\Java\jre1.8.0_241\bin\verify.dll
0x00007ff8475d0000 - 0x00007ff8475f9000 	C:\Program Files\Java\jre1.8.0_241\bin\java.dll
0x00007ff82d430000 - 0x00007ff82d465000 	C:\Program Files\Java\jre1.8.0_241\bin\jdwp.dll
0x00007ff839440000 - 0x00007ff839448000 	C:\Program Files\Java\jre1.8.0_241\bin\npt.dll
0x00007ff847590000 - 0x00007ff8475a6000 	C:\Program Files\Java\jre1.8.0_241\bin\zip.dll
0x00007ff84ebe0000 - 0x00007ff84f2c5000 	C:\windows\System32\SHELL32.dll
0x00007ff84f420000 - 0x00007ff84f4c9000 	C:\windows\System32\shcore.dll
0x00007ff84d2a0000 - 0x00007ff84da20000 	C:\windows\System32\windows.storage.dll
0x00007ff84cbd0000 - 0x00007ff84cbf3000 	C:\windows\System32\profapi.dll
0x00007ff84cc00000 - 0x00007ff84cc4a000 	C:\windows\System32\powrprof.dll
0x00007ff84cba0000 - 0x00007ff84cbb0000 	C:\windows\System32\UMPDC.dll
0x00007ff84e6c0000 - 0x00007ff84e712000 	C:\windows\System32\shlwapi.dll
0x00007ff84cbb0000 - 0x00007ff84cbc1000 	C:\windows\System32\kernel.appcore.dll
0x00007ff84d150000 - 0x00007ff84d167000 	C:\windows\System32\cryptsp.dll
0x00007ff839300000 - 0x00007ff839309000 	C:\Program Files\Java\jre1.8.0_241\bin\dt_socket.dll
0x00007ff8307a0000 - 0x00007ff8307b6000 	C:\windows\system32\napinsp.dll
0x00007ff830780000 - 0x00007ff83079a000 	C:\windows\system32\pnrpnsp.dll
0x00007ff84c3b0000 - 0x00007ff84c417000 	C:\windows\System32\mswsock.dll
0x00007ff84c100000 - 0x00007ff84c1ca000 	C:\windows\SYSTEM32\DNSAPI.dll
0x00007ff84e830000 - 0x00007ff84e838000 	C:\windows\System32\NSI.dll
0x00007ff84c0c0000 - 0x00007ff84c0fa000 	C:\windows\SYSTEM32\IPHLPAPI.DLL
0x00007ff830770000 - 0x00007ff83077e000 	C:\windows\System32\winrnr.dll
0x00007ff848fc0000 - 0x00007ff848fdc000 	C:\windows\system32\NLAapi.dll
0x00007ff830750000 - 0x00007ff830765000 	C:\windows\system32\wshbth.dll
0x00007ff8404d0000 - 0x00007ff840547000 	C:\windows\System32\fwpuclnt.dll
0x00007ff84d170000 - 0x00007ff84d196000 	C:\windows\System32\bcrypt.dll
0x00007ff837fd0000 - 0x00007ff837fda000 	C:\Windows\System32\rasadhlp.dll
0x00007ff83bf90000 - 0x00007ff83bfaa000 	C:\Program Files\Java\jre1.8.0_241\bin\net.dll

VM Arguments:
jvm_args: -agentlib:jdwp=transport=dt_socket,suspend=y,address=localhost:55702 -ea -Dfile.encoding=Cp1252 
java_command: org.eclipse.jdt.internal.junit.runner.RemoteTestRunner -version 3 -port 55701 -testLoaderClass org.eclipse.jdt.internal.junit4.runner.JUnit4TestLoader -loaderpluginname org.eclipse.jdt.junit4.runtime -classNames utilTest.LogFileValidation
java_class_path (initial): C:\DharaniCh\SWEN589_Project\DataVis-refactored\target\test-classes;C:\DharaniCh\SWEN589_Project\DataVis-refactored\target\classes;C:\Program Files\Java\jdk1.8.0_241\jre\lib\jfxswt.jar;C:\DharaniCh\selenium_learnings\eclipse\plugins\org.junit_4.12.0.v201504281640\junit.jar;C:\DharaniCh\selenium_learnings\eclipse\plugins\org.hamcrest.core_1.3.0.v201303031735.jar;C:\Users\64226\.m2\repository\com\googlecode\json-simple\json-simple\1.1.1\json-simple-1.1.1.jar;C:\Users\64226\.m2\repository\junit\junit\4.10\junit-4.10.jar;C:\Users\64226\.m2\repository\org\hamcrest\hamcrest-core\1.1\hamcrest-core-1.1.jar;C:\Users\64226\.m2\repository\org\apache\commons\commons-csv\1.4\commons-csv-1.4.jar;C:\Users\64226\.m2\repository\org\eclipse\jetty\jetty-server\9.4.18.v20190429\jetty-server-9.4.18.v20190429.jar;C:\Users\64226\.m2\repository\javax\servlet\javax.servlet-api\3.1.0\javax.servlet-api-3.1.0.jar;C:\Users\64226\.m2\repository\org\eclipse\jetty\jetty-http\9.4.18.v20190429\jetty-http-9.4.18.v20190429.jar;C:\Users\64226\.m2\repository\org\eclipse\jetty\jetty-util\9.4.18.v20190429\jetty-util-9.4.18.v20190429.jar;C:\Users\64226\.m2\repository\org\eclipse\jetty\jetty-io\9.4.18.v20190429\jetty-io-9.4.18.v20190429.jar;C:\Users\64226\.m2\repository\com\google\guava\guava\27.1-jre\guava-27.1-jre.jar;C:\Users\64226\.m2\repository\com\google\guava\failureaccess\1.0.1\failureaccess-1.0.1.jar;C:\Users\64226\.m2\repository\com\google\guava\listenablefuture\9999.0-empty-to-avoid-conflict-with-guava\listenablefuture-9999.0-empty-to-avoid-conflict-with-guava.jar;C:\Users\64226\.m2\repository\com\google\code\findbugs\jsr305\3.0.2\jsr305-3.0.2.jar;C:\Users\64226\.m2\repository\org\checkerframework\checker-qual\2.5.2\checker-qual-2.5.2.jar;C:\Users\64226\.m2\repository\com\google\errorprone\error_prone_annotations\2.2.0\error_prone_annotations-2.2.0.jar;C:\Users\64226\.m2\repository\com\google\j2objc\j2objc-annotations\1.1\j2objc-annotations-1.1.jar;C:\Users\64226\.m2\
Launcher Type: SUN_STANDARD

Environment Variables:
PATH=C:/Program Files/Java/jre1.8.0_241/bin/server;C:/Program Files/Java/jre1.8.0_241/bin;C:/Program Files/Java/jre1.8.0_241/lib/amd64;C:\Program Files (x86)\Common Files\Oracle\Java\javapath;C:\Program Files (x86)\Java\jre1.8.0_231\bin;C:\windows\system32;C:\windows;C:\windows\System32\Wbem;C:\windows\System32\WindowsPowerShell\v1.0\;C:\windows\System32\OpenSSH\;C:\Program Files\Java\jdk-12\bin;C:\Program Files\Git\cmd;C:\Program Files\dotnet\;C:\Program Files\Microsoft SQL Server\130\Tools\Binn\;C:\xampp\php;C:\ProgramData\ComposerSetup\bin;C:\Program Files\nodejs\;C:\Users\64226\AppData\Local\Programs\Python\Python37\Scripts\;C:\Users\64226\AppData\Local\Programs\Python\Python37\;C:\Program Files\MySQL\MySQL Shell 8.0\bin\;C:\DharaniCh\Projects\Python\Python37\Scripts\;C:\DharaniCh\Projects\Python\Python37\;C:\Users\64226\AppData\Local\Microsoft\WindowsApps;C:\Users\64226\AppData\Local\Programs\Microsoft VS Code\bin;C:\Program Files\JetBrains\PyCharm Community Edition 2019.2.4\bin;C:\Program Files\JetBrains\PyCharm 2019.2.5\bin;C:\Users\64226\AppData\Local\atom\bin;C:\Users\64226\AppData\Roaming\Composer\vendor\bin;C:\Users\64226\AppData\Roaming\npm;C:\DharaniCh\selenium_learnings\eclipse;
USERNAME=64226
OS=Windows_NT
PROCESSOR_IDENTIFIER=Intel64 Family 6 Model 142 Stepping 12, GenuineIntel



---------------  S Y S T E M  ---------------

OS: Windows 10.0 , 64 bit Build 18362 (10.0.18362.329)

CPU:total 8 (initial active 8) (4 cores per cpu, 2 threads per core) family 6 model 142 stepping 12, cmov, cx8, fxsr, mmx, sse, sse2, sse3, ssse3, sse4.1, sse4.2, popcnt, avx, avx2, aes, clmul, erms, 3dnowpref, lzcnt, ht, tsc, tscinvbit, bmi1, bmi2, adx

Memory: 4k page, physical 8272180k(457684k free), swap 26747632k(3661580k free)

vm_info: Java HotSpot(TM) 64-Bit Server VM (25.241-b07) for windows-amd64 JRE (1.8.0_241-b07), built on Dec 11 2019 10:21:40 by "rejava" with MS VC++ 10.0 (VS2010)

time: Wed May 06 22:29:32 2020
timezone: New Zealand Standard Time
elapsed time: 146 seconds (0d 0h 2m 26s)

